<?xml version="1.0" encoding="UTF-8"?>
<!-- Generated by org.testng.reporters.JUnitXMLReporter -->
<testsuite ignored="0" hostname="LAPTOP-0G4AGPL8" failures="2" tests="4" name="Test" time="0.826" errors="0" timestamp="2020-12-15T07:58:06 EST">
  <testcase classname="testCases.TestSuite" name="doCustomerReg" time="0.015">
    <failure type="java.lang.AssertionError" message="Customer Reg Test Failed">
      <![CDATA[java.lang.AssertionError: Customer Reg Test Failed
at testCases.TestSuite.doCustomerReg(TestSuite.java:63)
at java.base/java.util.ArrayList.forEach(ArrayList.java:1511)
... Removed 28 stack frames]]>
    </failure>
  </testcase> <!-- doCustomerReg -->
  <testcase classname="testCases.TestSuite" name="doLogin" time="0.002"/>
  <testcase classname="testCases.TestSuite" name="doUserReg" time="0.004">
    <failure type="java.lang.AssertionError" message="User Reg Test Failed">
      <![CDATA[java.lang.AssertionError: User Reg Test Failed
at testCases.TestSuite.doUserReg(TestSuite.java:56)
at java.base/java.util.ArrayList.forEach(ArrayList.java:1511)
... Removed 28 stack frames]]>
    </failure>
  </testcase> <!-- doUserReg -->
  <testcase classname="testCases.TestSuite" name="isSkip" time="0.001">
    <skipped/>
  </testcase> <!-- isSkip -->
</testsuite> <!-- Test -->
